<?xml version="1.0" encoding="UTF-8"?>
<!-- Generated by org.testng.reporters.JUnitReportReporter -->
<testsuite hostname="ratansrikanth" failures="0" tests="2" name="extentreport.TestCase01" time="12.409" errors="0" timestamp="29 Aug 2018 05:53:56 GMT" skipped="0">
  <testcase classname="extentreport.TestCase01" name="click" time="3.078"/>
  <testcase classname="extentreport.TestCase01" name="search" time="9.331"/>
</testsuite> <!-- extentreport.TestCase01 -->
